Build started 6/13/2020 4:06:11 PM.
     1>Project "C:\mark_v_1099_revision_4_source\Mark_V\Mark_V_Visual_Studio_2008.vcxproj" on node 2 (build target(s)).
     1>InitializeBuildStatus:
         Creating ".\objj\Release_MSVC_2008_DX9Quake\Mark Nova.unsuccessfulbuild" because "AlwaysCreate" was specified.
       _qasm:
         Processing .s file
       _qasm:
         Processing .s file
       _qasm:
         Processing .s file
       _qasm:
         Processing .s file
       _qasm:
         Processing .s file
       _qasm:
         Processing .s file
       _qasm:
         Processing .s file
       _qasm:
         Processing .s file
       _qasm:
         Processing .s file
       _qasm:
         Processing .s file
       _qasm:
         Processing .s file
       _qasm:
         Processing .s file
       _qasm:
         Processing .s file
       _qasm:
         Processing .s file
       _qasm:
         Processing .s file
       ClCompile:
         All outputs are up-to-date.
         All outputs are up-to-date.
       ResourceCompile:
         All outputs are up-to-date.
       Link:
         All outputs are up-to-date.
         Mark_V_Visual_Studio_2008.vcxproj -> C:\mark_v_1099_revision_4_source\Mark_V\.\objj\Release_MSVC_2008_DX9Quake\Mark Nova.exe
       Manifest:
         All outputs are up-to-date.
       BscMake:
         All outputs are up-to-date.
       FinalizeBuildStatus:
         Deleting file ".\objj\Release_MSVC_2008_DX9Quake\Mark Nova.unsuccessfulbuild".
         Touching ".\objj\Release_MSVC_2008_DX9Quake\Mark Nova.lastbuildstate".
     1>Done Building Project "C:\mark_v_1099_revision_4_source\Mark_V\Mark_V_Visual_Studio_2008.vcxproj" (build target(s)).

Build succeeded.

Time Elapsed 00:00:00.35
