C:\MARK_V_1099_REVISION_4_SOURCE\MARK_V\OBJJ\RELEASE_MSVC_2008_DX9QUAKE\BASE64.OBJ
C:\MARK_V_1099_REVISION_4_SOURCE\MARK_V\OBJJ\RELEASE_MSVC_2008_DX9QUAKE\BASE64.SBR
C:\MARK_V_1099_REVISION_4_SOURCE\MARK_V\OBJJ\RELEASE_MSVC_2008_DX9QUAKE\BUFFERS.OBJ
C:\MARK_V_1099_REVISION_4_SOURCE\MARK_V\OBJJ\RELEASE_MSVC_2008_DX9QUAKE\BUFFERS.SBR
C:\MARK_V_1099_REVISION_4_SOURCE\MARK_V\OBJJ\RELEASE_MSVC_2008_DX9QUAKE\CD_SDL.OBJ
C:\MARK_V_1099_REVISION_4_SOURCE\MARK_V\OBJJ\RELEASE_MSVC_2008_DX9QUAKE\CD_SDL.SBR
C:\MARK_V_1099_REVISION_4_SOURCE\MARK_V\OBJJ\RELEASE_MSVC_2008_DX9QUAKE\CD_SDL_WIN.OBJ
C:\MARK_V_1099_REVISION_4_SOURCE\MARK_V\OBJJ\RELEASE_MSVC_2008_DX9QUAKE\CD_SDL_WIN.SBR
C:\MARK_V_1099_REVISION_4_SOURCE\MARK_V\OBJJ\RELEASE_MSVC_2008_DX9QUAKE\CD_WIN.OBJ
C:\MARK_V_1099_REVISION_4_SOURCE\MARK_V\OBJJ\RELEASE_MSVC_2008_DX9QUAKE\CD_WIN.SBR
C:\MARK_V_1099_REVISION_4_SOURCE\MARK_V\OBJJ\RELEASE_MSVC_2008_DX9QUAKE\CHASE.OBJ
C:\MARK_V_1099_REVISION_4_SOURCE\MARK_V\OBJJ\RELEASE_MSVC_2008_DX9QUAKE\CHASE.SBR
C:\mark_v_1099_revision_4_source\Mark_V\objj\Release_MSVC_2008_DX9Quake\cl.command.1.tlog
C:\mark_v_1099_revision_4_source\Mark_V\objj\Release_MSVC_2008_DX9Quake\CL.read.1.tlog
C:\mark_v_1099_revision_4_source\Mark_V\objj\Release_MSVC_2008_DX9Quake\CL.write.1.tlog
C:\MARK_V_1099_REVISION_4_SOURCE\MARK_V\OBJJ\RELEASE_MSVC_2008_DX9QUAKE\CL_DEMO.OBJ
C:\MARK_V_1099_REVISION_4_SOURCE\MARK_V\OBJJ\RELEASE_MSVC_2008_DX9QUAKE\CL_DEMO.SBR
C:\MARK_V_1099_REVISION_4_SOURCE\MARK_V\OBJJ\RELEASE_MSVC_2008_DX9QUAKE\CL_INPUT.OBJ
C:\MARK_V_1099_REVISION_4_SOURCE\MARK_V\OBJJ\RELEASE_MSVC_2008_DX9QUAKE\CL_INPUT.SBR
C:\MARK_V_1099_REVISION_4_SOURCE\MARK_V\OBJJ\RELEASE_MSVC_2008_DX9QUAKE\CL_MAIN.OBJ
C:\MARK_V_1099_REVISION_4_SOURCE\MARK_V\OBJJ\RELEASE_MSVC_2008_DX9QUAKE\CL_MAIN.SBR
C:\MARK_V_1099_REVISION_4_SOURCE\MARK_V\OBJJ\RELEASE_MSVC_2008_DX9QUAKE\CL_PARSE.OBJ
C:\MARK_V_1099_REVISION_4_SOURCE\MARK_V\OBJJ\RELEASE_MSVC_2008_DX9QUAKE\CL_PARSE.SBR
C:\MARK_V_1099_REVISION_4_SOURCE\MARK_V\OBJJ\RELEASE_MSVC_2008_DX9QUAKE\CL_TENT.OBJ
C:\MARK_V_1099_REVISION_4_SOURCE\MARK_V\OBJJ\RELEASE_MSVC_2008_DX9QUAKE\CL_TENT.SBR
C:\MARK_V_1099_REVISION_4_SOURCE\MARK_V\OBJJ\RELEASE_MSVC_2008_DX9QUAKE\CLIP.OBJ
C:\MARK_V_1099_REVISION_4_SOURCE\MARK_V\OBJJ\RELEASE_MSVC_2008_DX9QUAKE\CLIP.SBR
C:\MARK_V_1099_REVISION_4_SOURCE\MARK_V\OBJJ\RELEASE_MSVC_2008_DX9QUAKE\CMD.OBJ
C:\MARK_V_1099_REVISION_4_SOURCE\MARK_V\OBJJ\RELEASE_MSVC_2008_DX9QUAKE\CMD.SBR
C:\MARK_V_1099_REVISION_4_SOURCE\MARK_V\OBJJ\RELEASE_MSVC_2008_DX9QUAKE\COLOR.OBJ
C:\MARK_V_1099_REVISION_4_SOURCE\MARK_V\OBJJ\RELEASE_MSVC_2008_DX9QUAKE\COLOR.SBR
C:\MARK_V_1099_REVISION_4_SOURCE\MARK_V\OBJJ\RELEASE_MSVC_2008_DX9QUAKE\COMMON.OBJ
C:\MARK_V_1099_REVISION_4_SOURCE\MARK_V\OBJJ\RELEASE_MSVC_2008_DX9QUAKE\COMMON.SBR
C:\MARK_V_1099_REVISION_4_SOURCE\MARK_V\OBJJ\RELEASE_MSVC_2008_DX9QUAKE\CONSOLE.OBJ
C:\MARK_V_1099_REVISION_4_SOURCE\MARK_V\OBJJ\RELEASE_MSVC_2008_DX9QUAKE\CONSOLE.SBR
C:\MARK_V_1099_REVISION_4_SOURCE\MARK_V\OBJJ\RELEASE_MSVC_2008_DX9QUAKE\CORE.OBJ
C:\MARK_V_1099_REVISION_4_SOURCE\MARK_V\OBJJ\RELEASE_MSVC_2008_DX9QUAKE\CORE.SBR
C:\MARK_V_1099_REVISION_4_SOURCE\MARK_V\OBJJ\RELEASE_MSVC_2008_DX9QUAKE\CRC.OBJ
C:\MARK_V_1099_REVISION_4_SOURCE\MARK_V\OBJJ\RELEASE_MSVC_2008_DX9QUAKE\CRC.SBR
C:\MARK_V_1099_REVISION_4_SOURCE\MARK_V\OBJJ\RELEASE_MSVC_2008_DX9QUAKE\CVAR.OBJ
C:\MARK_V_1099_REVISION_4_SOURCE\MARK_V\OBJJ\RELEASE_MSVC_2008_DX9QUAKE\CVAR.SBR
C:\MARK_V_1099_REVISION_4_SOURCE\MARK_V\OBJJ\RELEASE_MSVC_2008_DX9QUAKE\D3D9_FRAMEBUFFER.OBJ
C:\MARK_V_1099_REVISION_4_SOURCE\MARK_V\OBJJ\RELEASE_MSVC_2008_DX9QUAKE\D3D9_FRAMEBUFFER.SBR
C:\MARK_V_1099_REVISION_4_SOURCE\MARK_V\OBJJ\RELEASE_MSVC_2008_DX9QUAKE\D3D9_GAMMAANDCONTRAST.OBJ
C:\MARK_V_1099_REVISION_4_SOURCE\MARK_V\OBJJ\RELEASE_MSVC_2008_DX9QUAKE\D3D9_GAMMAANDCONTRAST.SBR
C:\MARK_V_1099_REVISION_4_SOURCE\MARK_V\OBJJ\RELEASE_MSVC_2008_DX9QUAKE\D3D9_GEOMETRY.OBJ
C:\MARK_V_1099_REVISION_4_SOURCE\MARK_V\OBJJ\RELEASE_MSVC_2008_DX9QUAKE\D3D9_GEOMETRY.SBR
C:\MARK_V_1099_REVISION_4_SOURCE\MARK_V\OBJJ\RELEASE_MSVC_2008_DX9QUAKE\D3D9_GLCONTEXT.OBJ
C:\MARK_V_1099_REVISION_4_SOURCE\MARK_V\OBJJ\RELEASE_MSVC_2008_DX9QUAKE\D3D9_GLCONTEXT.SBR
C:\MARK_V_1099_REVISION_4_SOURCE\MARK_V\OBJJ\RELEASE_MSVC_2008_DX9QUAKE\D3D9_MATRIX.OBJ
C:\MARK_V_1099_REVISION_4_SOURCE\MARK_V\OBJJ\RELEASE_MSVC_2008_DX9QUAKE\D3D9_MATRIX.SBR
C:\MARK_V_1099_REVISION_4_SOURCE\MARK_V\OBJJ\RELEASE_MSVC_2008_DX9QUAKE\D3D9_PUBLICAPI.OBJ
C:\MARK_V_1099_REVISION_4_SOURCE\MARK_V\OBJJ\RELEASE_MSVC_2008_DX9QUAKE\D3D9_PUBLICAPI.SBR
C:\MARK_V_1099_REVISION_4_SOURCE\MARK_V\OBJJ\RELEASE_MSVC_2008_DX9QUAKE\D3D9_STATES.OBJ
C:\MARK_V_1099_REVISION_4_SOURCE\MARK_V\OBJJ\RELEASE_MSVC_2008_DX9QUAKE\D3D9_STATES.SBR
C:\MARK_V_1099_REVISION_4_SOURCE\MARK_V\OBJJ\RELEASE_MSVC_2008_DX9QUAKE\D3D9_TEXENV.OBJ
C:\MARK_V_1099_REVISION_4_SOURCE\MARK_V\OBJJ\RELEASE_MSVC_2008_DX9QUAKE\D3D9_TEXENV.SBR
C:\MARK_V_1099_REVISION_4_SOURCE\MARK_V\OBJJ\RELEASE_MSVC_2008_DX9QUAKE\D3D9_TEXIMAGE.OBJ
C:\MARK_V_1099_REVISION_4_SOURCE\MARK_V\OBJJ\RELEASE_MSVC_2008_DX9QUAKE\D3D9_TEXIMAGE.SBR
C:\MARK_V_1099_REVISION_4_SOURCE\MARK_V\OBJJ\RELEASE_MSVC_2008_DX9QUAKE\D3D9_UNIMPLEMENTED.OBJ
C:\MARK_V_1099_REVISION_4_SOURCE\MARK_V\OBJJ\RELEASE_MSVC_2008_DX9QUAKE\D3D9_UNIMPLEMENTED.SBR
C:\MARK_V_1099_REVISION_4_SOURCE\MARK_V\OBJJ\RELEASE_MSVC_2008_DX9QUAKE\D3D9_VERTEXARRAY.OBJ
C:\MARK_V_1099_REVISION_4_SOURCE\MARK_V\OBJJ\RELEASE_MSVC_2008_DX9QUAKE\D3D9_VERTEXARRAY.SBR
C:\MARK_V_1099_REVISION_4_SOURCE\MARK_V\OBJJ\RELEASE_MSVC_2008_DX9QUAKE\D3D9_VERTEXSHADER.OBJ
C:\MARK_V_1099_REVISION_4_SOURCE\MARK_V\OBJJ\RELEASE_MSVC_2008_DX9QUAKE\D3D9_VERTEXSHADER.SBR
C:\MARK_V_1099_REVISION_4_SOURCE\MARK_V\OBJJ\RELEASE_MSVC_2008_DX9QUAKE\D3D9_VIEWPORT.OBJ
C:\MARK_V_1099_REVISION_4_SOURCE\MARK_V\OBJJ\RELEASE_MSVC_2008_DX9QUAKE\D3D9_VIEWPORT.SBR
C:\MARK_V_1099_REVISION_4_SOURCE\MARK_V\OBJJ\RELEASE_MSVC_2008_DX9QUAKE\DEDICATED.OBJ
C:\MARK_V_1099_REVISION_4_SOURCE\MARK_V\OBJJ\RELEASE_MSVC_2008_DX9QUAKE\DEDICATED.SBR
C:\MARK_V_1099_REVISION_4_SOURCE\MARK_V\OBJJ\RELEASE_MSVC_2008_DX9QUAKE\DEDICATED_WIN.OBJ
C:\MARK_V_1099_REVISION_4_SOURCE\MARK_V\OBJJ\RELEASE_MSVC_2008_DX9QUAKE\DEDICATED_WIN.SBR
C:\MARK_V_1099_REVISION_4_SOURCE\MARK_V\OBJJ\RELEASE_MSVC_2008_DX9QUAKE\DIRENT_WIN.OBJ
C:\MARK_V_1099_REVISION_4_SOURCE\MARK_V\OBJJ\RELEASE_MSVC_2008_DX9QUAKE\DIRENT_WIN.SBR
C:\MARK_V_1099_REVISION_4_SOURCE\MARK_V\OBJJ\RELEASE_MSVC_2008_DX9QUAKE\DOWNLOAD_CURL.OBJ
C:\MARK_V_1099_REVISION_4_SOURCE\MARK_V\OBJJ\RELEASE_MSVC_2008_DX9QUAKE\DOWNLOAD_CURL.SBR
C:\MARK_V_1099_REVISION_4_SOURCE\MARK_V\OBJJ\RELEASE_MSVC_2008_DX9QUAKE\DOWNLOAD_HTTP.OBJ
C:\MARK_V_1099_REVISION_4_SOURCE\MARK_V\OBJJ\RELEASE_MSVC_2008_DX9QUAKE\DOWNLOAD_HTTP.SBR
C:\MARK_V_1099_REVISION_4_SOURCE\MARK_V\OBJJ\RELEASE_MSVC_2008_DX9QUAKE\DOWNLOAD_PROCS.OBJ
C:\MARK_V_1099_REVISION_4_SOURCE\MARK_V\OBJJ\RELEASE_MSVC_2008_DX9QUAKE\DOWNLOAD_PROCS.SBR
C:\MARK_V_1099_REVISION_4_SOURCE\MARK_V\OBJJ\RELEASE_MSVC_2008_DX9QUAKE\DSHOW_MP3.OBJ
C:\MARK_V_1099_REVISION_4_SOURCE\MARK_V\OBJJ\RELEASE_MSVC_2008_DX9QUAKE\DSHOW_MP3.SBR
C:\MARK_V_1099_REVISION_4_SOURCE\MARK_V\OBJJ\RELEASE_MSVC_2008_DX9QUAKE\DX8_MH_WRAPPER.OBJ
C:\MARK_V_1099_REVISION_4_SOURCE\MARK_V\OBJJ\RELEASE_MSVC_2008_DX9QUAKE\DX8_MH_WRAPPER.SBR
C:\MARK_V_1099_REVISION_4_SOURCE\MARK_V\OBJJ\RELEASE_MSVC_2008_DX9QUAKE\ENUMBITS.OBJ
C:\MARK_V_1099_REVISION_4_SOURCE\MARK_V\OBJJ\RELEASE_MSVC_2008_DX9QUAKE\ENUMBITS.SBR
C:\MARK_V_1099_REVISION_4_SOURCE\MARK_V\OBJJ\RELEASE_MSVC_2008_DX9QUAKE\FILE.OBJ
C:\MARK_V_1099_REVISION_4_SOURCE\MARK_V\OBJJ\RELEASE_MSVC_2008_DX9QUAKE\FILE.SBR
C:\MARK_V_1099_REVISION_4_SOURCE\MARK_V\OBJJ\RELEASE_MSVC_2008_DX9QUAKE\FILE_SYSTEM.OBJ
C:\MARK_V_1099_REVISION_4_SOURCE\MARK_V\OBJJ\RELEASE_MSVC_2008_DX9QUAKE\FILE_SYSTEM.SBR
C:\MARK_V_1099_REVISION_4_SOURCE\MARK_V\OBJJ\RELEASE_MSVC_2008_DX9QUAKE\GL_ALIAS.OBJ
C:\MARK_V_1099_REVISION_4_SOURCE\MARK_V\OBJJ\RELEASE_MSVC_2008_DX9QUAKE\GL_ALIAS.SBR
C:\MARK_V_1099_REVISION_4_SOURCE\MARK_V\OBJJ\RELEASE_MSVC_2008_DX9QUAKE\GL_BLOOM.OBJ
C:\MARK_V_1099_REVISION_4_SOURCE\MARK_V\OBJJ\RELEASE_MSVC_2008_DX9QUAKE\GL_BLOOM.SBR
C:\MARK_V_1099_REVISION_4_SOURCE\MARK_V\OBJJ\RELEASE_MSVC_2008_DX9QUAKE\GL_BRUSH.OBJ
C:\MARK_V_1099_REVISION_4_SOURCE\MARK_V\OBJJ\RELEASE_MSVC_2008_DX9QUAKE\GL_BRUSH.SBR
C:\MARK_V_1099_REVISION_4_SOURCE\MARK_V\OBJJ\RELEASE_MSVC_2008_DX9QUAKE\GL_COMMON.OBJ
C:\MARK_V_1099_REVISION_4_SOURCE\MARK_V\OBJJ\RELEASE_MSVC_2008_DX9QUAKE\GL_COMMON.SBR
C:\MARK_V_1099_REVISION_4_SOURCE\MARK_V\OBJJ\RELEASE_MSVC_2008_DX9QUAKE\GL_DRAW.OBJ
C:\MARK_V_1099_REVISION_4_SOURCE\MARK_V\OBJJ\RELEASE_MSVC_2008_DX9QUAKE\GL_DRAW.SBR
C:\MARK_V_1099_REVISION_4_SOURCE\MARK_V\OBJJ\RELEASE_MSVC_2008_DX9QUAKE\GL_FOG.OBJ
C:\MARK_V_1099_REVISION_4_SOURCE\MARK_V\OBJJ\RELEASE_MSVC_2008_DX9QUAKE\GL_FOG.SBR
C:\MARK_V_1099_REVISION_4_SOURCE\MARK_V\OBJJ\RELEASE_MSVC_2008_DX9QUAKE\GL_MESH.OBJ
C:\MARK_V_1099_REVISION_4_SOURCE\MARK_V\OBJJ\RELEASE_MSVC_2008_DX9QUAKE\GL_MESH.SBR
C:\MARK_V_1099_REVISION_4_SOURCE\MARK_V\OBJJ\RELEASE_MSVC_2008_DX9QUAKE\GL_RENDERER.OBJ
C:\MARK_V_1099_REVISION_4_SOURCE\MARK_V\OBJJ\RELEASE_MSVC_2008_DX9QUAKE\GL_RENDERER.SBR
C:\MARK_V_1099_REVISION_4_SOURCE\MARK_V\OBJJ\RELEASE_MSVC_2008_DX9QUAKE\GL_RMAIN.OBJ
C:\MARK_V_1099_REVISION_4_SOURCE\MARK_V\OBJJ\RELEASE_MSVC_2008_DX9QUAKE\GL_RMAIN.SBR
C:\MARK_V_1099_REVISION_4_SOURCE\MARK_V\OBJJ\RELEASE_MSVC_2008_DX9QUAKE\GL_RMISC.OBJ
C:\MARK_V_1099_REVISION_4_SOURCE\MARK_V\OBJJ\RELEASE_MSVC_2008_DX9QUAKE\GL_RMISC.SBR
C:\MARK_V_1099_REVISION_4_SOURCE\MARK_V\OBJJ\RELEASE_MSVC_2008_DX9QUAKE\GL_SKY.OBJ
C:\MARK_V_1099_REVISION_4_SOURCE\MARK_V\OBJJ\RELEASE_MSVC_2008_DX9QUAKE\GL_SKY.SBR
C:\MARK_V_1099_REVISION_4_SOURCE\MARK_V\OBJJ\RELEASE_MSVC_2008_DX9QUAKE\GL_SPRITE.OBJ
C:\MARK_V_1099_REVISION_4_SOURCE\MARK_V\OBJJ\RELEASE_MSVC_2008_DX9QUAKE\GL_SPRITE.SBR
C:\MARK_V_1099_REVISION_4_SOURCE\MARK_V\OBJJ\RELEASE_MSVC_2008_DX9QUAKE\GL_TEST.OBJ
C:\MARK_V_1099_REVISION_4_SOURCE\MARK_V\OBJJ\RELEASE_MSVC_2008_DX9QUAKE\GL_TEST.SBR
C:\MARK_V_1099_REVISION_4_SOURCE\MARK_V\OBJJ\RELEASE_MSVC_2008_DX9QUAKE\GL_TEXMGR.OBJ
C:\MARK_V_1099_REVISION_4_SOURCE\MARK_V\OBJJ\RELEASE_MSVC_2008_DX9QUAKE\GL_TEXMGR.SBR
C:\MARK_V_1099_REVISION_4_SOURCE\MARK_V\OBJJ\RELEASE_MSVC_2008_DX9QUAKE\GL_WARP.OBJ
C:\MARK_V_1099_REVISION_4_SOURCE\MARK_V\OBJJ\RELEASE_MSVC_2008_DX9QUAKE\GL_WARP.SBR
C:\MARK_V_1099_REVISION_4_SOURCE\MARK_V\OBJJ\RELEASE_MSVC_2008_DX9QUAKE\GL_WORLD.OBJ
C:\MARK_V_1099_REVISION_4_SOURCE\MARK_V\OBJJ\RELEASE_MSVC_2008_DX9QUAKE\GL_WORLD.SBR
C:\MARK_V_1099_REVISION_4_SOURCE\MARK_V\OBJJ\RELEASE_MSVC_2008_DX9QUAKE\HOST.OBJ
C:\MARK_V_1099_REVISION_4_SOURCE\MARK_V\OBJJ\RELEASE_MSVC_2008_DX9QUAKE\HOST.SBR
C:\MARK_V_1099_REVISION_4_SOURCE\MARK_V\OBJJ\RELEASE_MSVC_2008_DX9QUAKE\HOST_CMD.OBJ
C:\MARK_V_1099_REVISION_4_SOURCE\MARK_V\OBJJ\RELEASE_MSVC_2008_DX9QUAKE\HOST_CMD.SBR
C:\MARK_V_1099_REVISION_4_SOURCE\MARK_V\OBJJ\RELEASE_MSVC_2008_DX9QUAKE\HTTPCLIENT.OBJ
C:\MARK_V_1099_REVISION_4_SOURCE\MARK_V\OBJJ\RELEASE_MSVC_2008_DX9QUAKE\HTTPCLIENT.SBR
C:\MARK_V_1099_REVISION_4_SOURCE\MARK_V\OBJJ\RELEASE_MSVC_2008_DX9QUAKE\HTTPCLIENTAUTH.OBJ
C:\MARK_V_1099_REVISION_4_SOURCE\MARK_V\OBJJ\RELEASE_MSVC_2008_DX9QUAKE\HTTPCLIENTAUTH.SBR
C:\MARK_V_1099_REVISION_4_SOURCE\MARK_V\OBJJ\RELEASE_MSVC_2008_DX9QUAKE\HTTPCLIENTSAMPLE.OBJ
C:\MARK_V_1099_REVISION_4_SOURCE\MARK_V\OBJJ\RELEASE_MSVC_2008_DX9QUAKE\HTTPCLIENTSAMPLE.SBR
C:\MARK_V_1099_REVISION_4_SOURCE\MARK_V\OBJJ\RELEASE_MSVC_2008_DX9QUAKE\HTTPCLIENTSTRING.OBJ
C:\MARK_V_1099_REVISION_4_SOURCE\MARK_V\OBJJ\RELEASE_MSVC_2008_DX9QUAKE\HTTPCLIENTSTRING.SBR
C:\MARK_V_1099_REVISION_4_SOURCE\MARK_V\OBJJ\RELEASE_MSVC_2008_DX9QUAKE\HTTPCLIENTWRAPPER.OBJ
C:\MARK_V_1099_REVISION_4_SOURCE\MARK_V\OBJJ\RELEASE_MSVC_2008_DX9QUAKE\HTTPCLIENTWRAPPER.SBR
C:\MARK_V_1099_REVISION_4_SOURCE\MARK_V\OBJJ\RELEASE_MSVC_2008_DX9QUAKE\IMAGE.OBJ
C:\MARK_V_1099_REVISION_4_SOURCE\MARK_V\OBJJ\RELEASE_MSVC_2008_DX9QUAKE\IMAGE.SBR
C:\MARK_V_1099_REVISION_4_SOURCE\MARK_V\OBJJ\RELEASE_MSVC_2008_DX9QUAKE\IN_SDL.OBJ
C:\MARK_V_1099_REVISION_4_SOURCE\MARK_V\OBJJ\RELEASE_MSVC_2008_DX9QUAKE\IN_SDL.SBR
C:\MARK_V_1099_REVISION_4_SOURCE\MARK_V\OBJJ\RELEASE_MSVC_2008_DX9QUAKE\IN_SDL_ANDROID.OBJ
C:\MARK_V_1099_REVISION_4_SOURCE\MARK_V\OBJJ\RELEASE_MSVC_2008_DX9QUAKE\IN_SDL_ANDROID.SBR
C:\MARK_V_1099_REVISION_4_SOURCE\MARK_V\OBJJ\RELEASE_MSVC_2008_DX9QUAKE\IN_WIN.OBJ
C:\MARK_V_1099_REVISION_4_SOURCE\MARK_V\OBJJ\RELEASE_MSVC_2008_DX9QUAKE\IN_WIN.SBR
C:\MARK_V_1099_REVISION_4_SOURCE\MARK_V\OBJJ\RELEASE_MSVC_2008_DX9QUAKE\IN_WIN_EVENTS.OBJ
C:\MARK_V_1099_REVISION_4_SOURCE\MARK_V\OBJJ\RELEASE_MSVC_2008_DX9QUAKE\IN_WIN_EVENTS.SBR
C:\MARK_V_1099_REVISION_4_SOURCE\MARK_V\OBJJ\RELEASE_MSVC_2008_DX9QUAKE\IN_WIN_JOY.OBJ
C:\MARK_V_1099_REVISION_4_SOURCE\MARK_V\OBJJ\RELEASE_MSVC_2008_DX9QUAKE\IN_WIN_JOY.SBR
C:\MARK_V_1099_REVISION_4_SOURCE\MARK_V\OBJJ\RELEASE_MSVC_2008_DX9QUAKE\IN_WIN_MOUSE.OBJ
C:\MARK_V_1099_REVISION_4_SOURCE\MARK_V\OBJJ\RELEASE_MSVC_2008_DX9QUAKE\IN_WIN_MOUSE.SBR
C:\MARK_V_1099_REVISION_4_SOURCE\MARK_V\OBJJ\RELEASE_MSVC_2008_DX9QUAKE\INPUT.OBJ
C:\MARK_V_1099_REVISION_4_SOURCE\MARK_V\OBJJ\RELEASE_MSVC_2008_DX9QUAKE\INPUT.SBR
C:\MARK_V_1099_REVISION_4_SOURCE\MARK_V\OBJJ\RELEASE_MSVC_2008_DX9QUAKE\INPUT_SURFACE.OBJ
C:\MARK_V_1099_REVISION_4_SOURCE\MARK_V\OBJJ\RELEASE_MSVC_2008_DX9QUAKE\INPUT_SURFACE.SBR
C:\MARK_V_1099_REVISION_4_SOURCE\MARK_V\OBJJ\RELEASE_MSVC_2008_DX9QUAKE\INPUT_TOUCH.OBJ
C:\MARK_V_1099_REVISION_4_SOURCE\MARK_V\OBJJ\RELEASE_MSVC_2008_DX9QUAKE\INPUT_TOUCH.SBR
C:\MARK_V_1099_REVISION_4_SOURCE\MARK_V\OBJJ\RELEASE_MSVC_2008_DX9QUAKE\INTERFACE.OBJ
C:\MARK_V_1099_REVISION_4_SOURCE\MARK_V\OBJJ\RELEASE_MSVC_2008_DX9QUAKE\INTERFACE.SBR
C:\MARK_V_1099_REVISION_4_SOURCE\MARK_V\OBJJ\RELEASE_MSVC_2008_DX9QUAKE\KEYS.OBJ
C:\MARK_V_1099_REVISION_4_SOURCE\MARK_V\OBJJ\RELEASE_MSVC_2008_DX9QUAKE\KEYS.SBR
C:\mark_v_1099_revision_4_source\Mark_V\objj\Release_MSVC_2008_DX9Quake\link.command.1.tlog
C:\mark_v_1099_revision_4_source\Mark_V\objj\Release_MSVC_2008_DX9Quake\link.read.1.tlog
C:\mark_v_1099_revision_4_source\Mark_V\objj\Release_MSVC_2008_DX9Quake\link.write.1.tlog
C:\MARK_V_1099_REVISION_4_SOURCE\MARK_V\OBJJ\RELEASE_MSVC_2008_DX9QUAKE\LISTS.OBJ
C:\MARK_V_1099_REVISION_4_SOURCE\MARK_V\OBJJ\RELEASE_MSVC_2008_DX9QUAKE\LISTS.SBR
C:\MARK_V_1099_REVISION_4_SOURCE\MARK_V\OBJJ\RELEASE_MSVC_2008_DX9QUAKE\LOCATION.OBJ
C:\MARK_V_1099_REVISION_4_SOURCE\MARK_V\OBJJ\RELEASE_MSVC_2008_DX9QUAKE\LOCATION.SBR
C:\MARK_V_1099_REVISION_4_SOURCE\MARK_V\OBJJ\RELEASE_MSVC_2008_DX9QUAKE\LODEPNG.OBJ
C:\MARK_V_1099_REVISION_4_SOURCE\MARK_V\OBJJ\RELEASE_MSVC_2008_DX9QUAKE\LODEPNG.SBR
C:\MARK_V_1099_REVISION_4_SOURCE\MARK_V\OBJJ\RELEASE_MSVC_2008_DX9QUAKE\MAIN_CENTRAL.OBJ
C:\MARK_V_1099_REVISION_4_SOURCE\MARK_V\OBJJ\RELEASE_MSVC_2008_DX9QUAKE\MAIN_CENTRAL.SBR
C:\mark_v_1099_revision_4_source\Mark_V\objj\Release_MSVC_2008_DX9Quake\Mark Nova.write.1.tlog
C:\MARK_V_1099_REVISION_4_SOURCE\MARK_V\OBJJ\RELEASE_MSVC_2008_DX9QUAKE\MARK_V_GLQUAKE_VS2008.RES
C:\MARK_V_1099_REVISION_4_SOURCE\MARK_V\OBJJ\RELEASE_MSVC_2008_DX9QUAKE\MATH_GENERAL.OBJ
C:\MARK_V_1099_REVISION_4_SOURCE\MARK_V\OBJJ\RELEASE_MSVC_2008_DX9QUAKE\MATH_GENERAL.SBR
C:\MARK_V_1099_REVISION_4_SOURCE\MARK_V\OBJJ\RELEASE_MSVC_2008_DX9QUAKE\MATH_MATRIX.OBJ
C:\MARK_V_1099_REVISION_4_SOURCE\MARK_V\OBJJ\RELEASE_MSVC_2008_DX9QUAKE\MATH_MATRIX.SBR
C:\MARK_V_1099_REVISION_4_SOURCE\MARK_V\OBJJ\RELEASE_MSVC_2008_DX9QUAKE\MATH_VECTOR.OBJ
C:\MARK_V_1099_REVISION_4_SOURCE\MARK_V\OBJJ\RELEASE_MSVC_2008_DX9QUAKE\MATH_VECTOR.SBR
C:\MARK_V_1099_REVISION_4_SOURCE\MARK_V\OBJJ\RELEASE_MSVC_2008_DX9QUAKE\MEMSTICK.OBJ
C:\MARK_V_1099_REVISION_4_SOURCE\MARK_V\OBJJ\RELEASE_MSVC_2008_DX9QUAKE\MEMSTICK.SBR
C:\MARK_V_1099_REVISION_4_SOURCE\MARK_V\OBJJ\RELEASE_MSVC_2008_DX9QUAKE\MENU.OBJ
C:\MARK_V_1099_REVISION_4_SOURCE\MARK_V\OBJJ\RELEASE_MSVC_2008_DX9QUAKE\MENU.SBR
C:\MARK_V_1099_REVISION_4_SOURCE\MARK_V\OBJJ\RELEASE_MSVC_2008_DX9QUAKE\MENU_DRAW_OBS.OBJ
C:\MARK_V_1099_REVISION_4_SOURCE\MARK_V\OBJJ\RELEASE_MSVC_2008_DX9QUAKE\MENU_DRAW_OBS.SBR
C:\MARK_V_1099_REVISION_4_SOURCE\MARK_V\OBJJ\RELEASE_MSVC_2008_DX9QUAKE\MENU_LOCAL.OBJ
C:\MARK_V_1099_REVISION_4_SOURCE\MARK_V\OBJJ\RELEASE_MSVC_2008_DX9QUAKE\MENU_LOCAL.SBR
C:\MARK_V_1099_REVISION_4_SOURCE\MARK_V\OBJJ\RELEASE_MSVC_2008_DX9QUAKE\MENU_LOCAL_2.OBJ
C:\MARK_V_1099_REVISION_4_SOURCE\MARK_V\OBJJ\RELEASE_MSVC_2008_DX9QUAKE\MENU_LOCAL_2.SBR
C:\MARK_V_1099_REVISION_4_SOURCE\MARK_V\OBJJ\RELEASE_MSVC_2008_DX9QUAKE\MENU_PARTS.OBJ
C:\MARK_V_1099_REVISION_4_SOURCE\MARK_V\OBJJ\RELEASE_MSVC_2008_DX9QUAKE\MENU_PARTS.SBR
C:\MARK_V_1099_REVISION_4_SOURCE\MARK_V\OBJJ\RELEASE_MSVC_2008_DX9QUAKE\MNU_DIALOG.OBJ
C:\MARK_V_1099_REVISION_4_SOURCE\MARK_V\OBJJ\RELEASE_MSVC_2008_DX9QUAKE\MNU_DIALOG.SBR
C:\MARK_V_1099_REVISION_4_SOURCE\MARK_V\OBJJ\RELEASE_MSVC_2008_DX9QUAKE\MNU_HELP.OBJ
C:\MARK_V_1099_REVISION_4_SOURCE\MARK_V\OBJJ\RELEASE_MSVC_2008_DX9QUAKE\MNU_HELP.SBR
C:\MARK_V_1099_REVISION_4_SOURCE\MARK_V\OBJJ\RELEASE_MSVC_2008_DX9QUAKE\MNU_MAIN.OBJ
C:\MARK_V_1099_REVISION_4_SOURCE\MARK_V\OBJJ\RELEASE_MSVC_2008_DX9QUAKE\MNU_MAIN.SBR
C:\MARK_V_1099_REVISION_4_SOURCE\MARK_V\OBJJ\RELEASE_MSVC_2008_DX9QUAKE\MNU_MULTIPLAYER.OBJ
C:\MARK_V_1099_REVISION_4_SOURCE\MARK_V\OBJJ\RELEASE_MSVC_2008_DX9QUAKE\MNU_MULTIPLAYER.SBR
C:\MARK_V_1099_REVISION_4_SOURCE\MARK_V\OBJJ\RELEASE_MSVC_2008_DX9QUAKE\MNU_MULTIPLAYER_DEMOS.OBJ
C:\MARK_V_1099_REVISION_4_SOURCE\MARK_V\OBJJ\RELEASE_MSVC_2008_DX9QUAKE\MNU_MULTIPLAYER_DEMOS.SBR
C:\MARK_V_1099_REVISION_4_SOURCE\MARK_V\OBJJ\RELEASE_MSVC_2008_DX9QUAKE\MNU_MULTIPLAYER_HOSTGAME.OBJ
C:\MARK_V_1099_REVISION_4_SOURCE\MARK_V\OBJJ\RELEASE_MSVC_2008_DX9QUAKE\MNU_MULTIPLAYER_HOSTGAME.SBR
C:\MARK_V_1099_REVISION_4_SOURCE\MARK_V\OBJJ\RELEASE_MSVC_2008_DX9QUAKE\MNU_MULTIPLAYER_HOSTGAME_GAMEOPTIONS.OBJ
C:\MARK_V_1099_REVISION_4_SOURCE\MARK_V\OBJJ\RELEASE_MSVC_2008_DX9QUAKE\MNU_MULTIPLAYER_HOSTGAME_GAMEOPTIONS.SBR
C:\MARK_V_1099_REVISION_4_SOURCE\MARK_V\OBJJ\RELEASE_MSVC_2008_DX9QUAKE\MNU_MULTIPLAYER_JOINGAME.OBJ
C:\MARK_V_1099_REVISION_4_SOURCE\MARK_V\OBJJ\RELEASE_MSVC_2008_DX9QUAKE\MNU_MULTIPLAYER_JOINGAME.SBR
C:\MARK_V_1099_REVISION_4_SOURCE\MARK_V\OBJJ\RELEASE_MSVC_2008_DX9QUAKE\MNU_MULTIPLAYER_JOINGAME_SERVERLIST.OBJ
C:\MARK_V_1099_REVISION_4_SOURCE\MARK_V\OBJJ\RELEASE_MSVC_2008_DX9QUAKE\MNU_MULTIPLAYER_JOINGAME_SERVERLIST.SBR
C:\MARK_V_1099_REVISION_4_SOURCE\MARK_V\OBJJ\RELEASE_MSVC_2008_DX9QUAKE\MNU_MULTIPLAYER_PLAYERSETUP.OBJ
C:\MARK_V_1099_REVISION_4_SOURCE\MARK_V\OBJJ\RELEASE_MSVC_2008_DX9QUAKE\MNU_MULTIPLAYER_PLAYERSETUP.SBR
C:\MARK_V_1099_REVISION_4_SOURCE\MARK_V\OBJJ\RELEASE_MSVC_2008_DX9QUAKE\MNU_MULTIPLAYER_PLAYERSETUP_NAMEMAKER.OBJ
C:\MARK_V_1099_REVISION_4_SOURCE\MARK_V\OBJJ\RELEASE_MSVC_2008_DX9QUAKE\MNU_MULTIPLAYER_PLAYERSETUP_NAMEMAKER.SBR
C:\MARK_V_1099_REVISION_4_SOURCE\MARK_V\OBJJ\RELEASE_MSVC_2008_DX9QUAKE\MNU_OPTIONS.OBJ
C:\MARK_V_1099_REVISION_4_SOURCE\MARK_V\OBJJ\RELEASE_MSVC_2008_DX9QUAKE\MNU_OPTIONS.SBR
C:\MARK_V_1099_REVISION_4_SOURCE\MARK_V\OBJJ\RELEASE_MSVC_2008_DX9QUAKE\MNU_OPTIONS_CUSTOMIZECONTROLS.OBJ
C:\MARK_V_1099_REVISION_4_SOURCE\MARK_V\OBJJ\RELEASE_MSVC_2008_DX9QUAKE\MNU_OPTIONS_CUSTOMIZECONTROLS.SBR
C:\MARK_V_1099_REVISION_4_SOURCE\MARK_V\OBJJ\RELEASE_MSVC_2008_DX9QUAKE\MNU_OPTIONS_PREFERENCES.OBJ
C:\MARK_V_1099_REVISION_4_SOURCE\MARK_V\OBJJ\RELEASE_MSVC_2008_DX9QUAKE\MNU_OPTIONS_PREFERENCES.SBR
C:\MARK_V_1099_REVISION_4_SOURCE\MARK_V\OBJJ\RELEASE_MSVC_2008_DX9QUAKE\MNU_OPTIONS_VIDEO.OBJ
C:\MARK_V_1099_REVISION_4_SOURCE\MARK_V\OBJJ\RELEASE_MSVC_2008_DX9QUAKE\MNU_OPTIONS_VIDEO.SBR
C:\MARK_V_1099_REVISION_4_SOURCE\MARK_V\OBJJ\RELEASE_MSVC_2008_DX9QUAKE\MNU_QUIT.OBJ
C:\MARK_V_1099_REVISION_4_SOURCE\MARK_V\OBJJ\RELEASE_MSVC_2008_DX9QUAKE\MNU_QUIT.SBR
C:\MARK_V_1099_REVISION_4_SOURCE\MARK_V\OBJJ\RELEASE_MSVC_2008_DX9QUAKE\MNU_SINGLEPLAYER.OBJ
C:\MARK_V_1099_REVISION_4_SOURCE\MARK_V\OBJJ\RELEASE_MSVC_2008_DX9QUAKE\MNU_SINGLEPLAYER.SBR
C:\MARK_V_1099_REVISION_4_SOURCE\MARK_V\OBJJ\RELEASE_MSVC_2008_DX9QUAKE\MNU_SINGLEPLAYER_LEVELS.OBJ
C:\MARK_V_1099_REVISION_4_SOURCE\MARK_V\OBJJ\RELEASE_MSVC_2008_DX9QUAKE\MNU_SINGLEPLAYER_LEVELS.SBR
C:\MARK_V_1099_REVISION_4_SOURCE\MARK_V\OBJJ\RELEASE_MSVC_2008_DX9QUAKE\MNU_SINGLEPLAYER_LOAD_AND_SAVE.OBJ
C:\MARK_V_1099_REVISION_4_SOURCE\MARK_V\OBJJ\RELEASE_MSVC_2008_DX9QUAKE\MNU_SINGLEPLAYER_LOAD_AND_SAVE.SBR
C:\MARK_V_1099_REVISION_4_SOURCE\MARK_V\OBJJ\RELEASE_MSVC_2008_DX9QUAKE\MNU_Z_ONSCREENKEYBOARD.OBJ
C:\MARK_V_1099_REVISION_4_SOURCE\MARK_V\OBJJ\RELEASE_MSVC_2008_DX9QUAKE\MNU_Z_ONSCREENKEYBOARD.SBR
C:\MARK_V_1099_REVISION_4_SOURCE\MARK_V\OBJJ\RELEASE_MSVC_2008_DX9QUAKE\MODEL.OBJ
C:\MARK_V_1099_REVISION_4_SOURCE\MARK_V\OBJJ\RELEASE_MSVC_2008_DX9QUAKE\MODEL.SBR
C:\MARK_V_1099_REVISION_4_SOURCE\MARK_V\OBJJ\RELEASE_MSVC_2008_DX9QUAKE\MOVIE.OBJ
C:\MARK_V_1099_REVISION_4_SOURCE\MARK_V\OBJJ\RELEASE_MSVC_2008_DX9QUAKE\MOVIE.SBR
C:\MARK_V_1099_REVISION_4_SOURCE\MARK_V\OBJJ\RELEASE_MSVC_2008_DX9QUAKE\MOVIE_WIN.OBJ
C:\MARK_V_1099_REVISION_4_SOURCE\MARK_V\OBJJ\RELEASE_MSVC_2008_DX9QUAKE\MOVIE_WIN.SBR
C:\MARK_V_1099_REVISION_4_SOURCE\MARK_V\OBJJ\RELEASE_MSVC_2008_DX9QUAKE\NEHAHRA.OBJ
C:\MARK_V_1099_REVISION_4_SOURCE\MARK_V\OBJJ\RELEASE_MSVC_2008_DX9QUAKE\NEHAHRA.SBR
C:\MARK_V_1099_REVISION_4_SOURCE\MARK_V\OBJJ\RELEASE_MSVC_2008_DX9QUAKE\NET_ADMIN.OBJ
C:\MARK_V_1099_REVISION_4_SOURCE\MARK_V\OBJJ\RELEASE_MSVC_2008_DX9QUAKE\NET_ADMIN.SBR
C:\MARK_V_1099_REVISION_4_SOURCE\MARK_V\OBJJ\RELEASE_MSVC_2008_DX9QUAKE\NET_BSD.OBJ
C:\MARK_V_1099_REVISION_4_SOURCE\MARK_V\OBJJ\RELEASE_MSVC_2008_DX9QUAKE\NET_BSD.SBR
C:\MARK_V_1099_REVISION_4_SOURCE\MARK_V\OBJJ\RELEASE_MSVC_2008_DX9QUAKE\NET_DGRM.OBJ
C:\MARK_V_1099_REVISION_4_SOURCE\MARK_V\OBJJ\RELEASE_MSVC_2008_DX9QUAKE\NET_DGRM.SBR
C:\MARK_V_1099_REVISION_4_SOURCE\MARK_V\OBJJ\RELEASE_MSVC_2008_DX9QUAKE\NET_LOOP.OBJ
C:\MARK_V_1099_REVISION_4_SOURCE\MARK_V\OBJJ\RELEASE_MSVC_2008_DX9QUAKE\NET_LOOP.SBR
C:\MARK_V_1099_REVISION_4_SOURCE\MARK_V\OBJJ\RELEASE_MSVC_2008_DX9QUAKE\NET_MAIN.OBJ
C:\MARK_V_1099_REVISION_4_SOURCE\MARK_V\OBJJ\RELEASE_MSVC_2008_DX9QUAKE\NET_MAIN.SBR
C:\MARK_V_1099_REVISION_4_SOURCE\MARK_V\OBJJ\RELEASE_MSVC_2008_DX9QUAKE\NET_SIMPLE.OBJ
C:\MARK_V_1099_REVISION_4_SOURCE\MARK_V\OBJJ\RELEASE_MSVC_2008_DX9QUAKE\NET_SIMPLE.SBR
C:\MARK_V_1099_REVISION_4_SOURCE\MARK_V\OBJJ\RELEASE_MSVC_2008_DX9QUAKE\NET_UDP.OBJ
C:\MARK_V_1099_REVISION_4_SOURCE\MARK_V\OBJJ\RELEASE_MSVC_2008_DX9QUAKE\NET_UDP.SBR
C:\MARK_V_1099_REVISION_4_SOURCE\MARK_V\OBJJ\RELEASE_MSVC_2008_DX9QUAKE\PAK.OBJ
C:\MARK_V_1099_REVISION_4_SOURCE\MARK_V\OBJJ\RELEASE_MSVC_2008_DX9QUAKE\PAK.SBR
C:\MARK_V_1099_REVISION_4_SOURCE\MARK_V\OBJJ\RELEASE_MSVC_2008_DX9QUAKE\PR_CMDS.OBJ
C:\MARK_V_1099_REVISION_4_SOURCE\MARK_V\OBJJ\RELEASE_MSVC_2008_DX9QUAKE\PR_CMDS.SBR
C:\MARK_V_1099_REVISION_4_SOURCE\MARK_V\OBJJ\RELEASE_MSVC_2008_DX9QUAKE\PR_EDICT.OBJ
C:\MARK_V_1099_REVISION_4_SOURCE\MARK_V\OBJJ\RELEASE_MSVC_2008_DX9QUAKE\PR_EDICT.SBR
C:\MARK_V_1099_REVISION_4_SOURCE\MARK_V\OBJJ\RELEASE_MSVC_2008_DX9QUAKE\PR_EXEC.OBJ
C:\MARK_V_1099_REVISION_4_SOURCE\MARK_V\OBJJ\RELEASE_MSVC_2008_DX9QUAKE\PR_EXEC.SBR
C:\MARK_V_1099_REVISION_4_SOURCE\MARK_V\OBJJ\RELEASE_MSVC_2008_DX9QUAKE\Q_IMAGE.OBJ
C:\MARK_V_1099_REVISION_4_SOURCE\MARK_V\OBJJ\RELEASE_MSVC_2008_DX9QUAKE\Q_IMAGE.SBR
C:\MARK_V_1099_REVISION_4_SOURCE\MARK_V\OBJJ\RELEASE_MSVC_2008_DX9QUAKE\Q_LISTS.OBJ
C:\MARK_V_1099_REVISION_4_SOURCE\MARK_V\OBJJ\RELEASE_MSVC_2008_DX9QUAKE\Q_LISTS.SBR
C:\MARK_V_1099_REVISION_4_SOURCE\MARK_V\OBJJ\RELEASE_MSVC_2008_DX9QUAKE\Q_MATHLIB.OBJ
C:\MARK_V_1099_REVISION_4_SOURCE\MARK_V\OBJJ\RELEASE_MSVC_2008_DX9QUAKE\Q_MATHLIB.SBR
C:\MARK_V_1099_REVISION_4_SOURCE\MARK_V\OBJJ\RELEASE_MSVC_2008_DX9QUAKE\Q_MUSIC.OBJ
C:\MARK_V_1099_REVISION_4_SOURCE\MARK_V\OBJJ\RELEASE_MSVC_2008_DX9QUAKE\Q_MUSIC.SBR
C:\MARK_V_1099_REVISION_4_SOURCE\MARK_V\OBJJ\RELEASE_MSVC_2008_DX9QUAKE\R_COMMON.OBJ
C:\MARK_V_1099_REVISION_4_SOURCE\MARK_V\OBJJ\RELEASE_MSVC_2008_DX9QUAKE\R_COMMON.SBR
C:\MARK_V_1099_REVISION_4_SOURCE\MARK_V\OBJJ\RELEASE_MSVC_2008_DX9QUAKE\R_EFRAG.OBJ
C:\MARK_V_1099_REVISION_4_SOURCE\MARK_V\OBJJ\RELEASE_MSVC_2008_DX9QUAKE\R_EFRAG.SBR
C:\MARK_V_1099_REVISION_4_SOURCE\MARK_V\OBJJ\RELEASE_MSVC_2008_DX9QUAKE\R_LIGHT.OBJ
C:\MARK_V_1099_REVISION_4_SOURCE\MARK_V\OBJJ\RELEASE_MSVC_2008_DX9QUAKE\R_LIGHT.SBR
C:\MARK_V_1099_REVISION_4_SOURCE\MARK_V\OBJJ\RELEASE_MSVC_2008_DX9QUAKE\R_PART.OBJ
C:\MARK_V_1099_REVISION_4_SOURCE\MARK_V\OBJJ\RELEASE_MSVC_2008_DX9QUAKE\R_PART.SBR
C:\MARK_V_1099_REVISION_4_SOURCE\MARK_V\OBJJ\RELEASE_MSVC_2008_DX9QUAKE\R_PART_QMB.OBJ
C:\MARK_V_1099_REVISION_4_SOURCE\MARK_V\OBJJ\RELEASE_MSVC_2008_DX9QUAKE\R_PART_QMB.SBR
C:\mark_v_1099_revision_4_source\Mark_V\objj\Release_MSVC_2008_DX9Quake\rc.command.1.tlog
C:\mark_v_1099_revision_4_source\Mark_V\objj\Release_MSVC_2008_DX9Quake\rc.read.1.tlog
C:\mark_v_1099_revision_4_source\Mark_V\objj\Release_MSVC_2008_DX9Quake\rc.write.1.tlog
C:\MARK_V_1099_REVISION_4_SOURCE\MARK_V\OBJJ\RELEASE_MSVC_2008_DX9QUAKE\RECENT_FILE.OBJ
C:\MARK_V_1099_REVISION_4_SOURCE\MARK_V\OBJJ\RELEASE_MSVC_2008_DX9QUAKE\RECENT_FILE.SBR
C:\MARK_V_1099_REVISION_4_SOURCE\MARK_V\OBJJ\RELEASE_MSVC_2008_DX9QUAKE\SBAR.OBJ
C:\MARK_V_1099_REVISION_4_SOURCE\MARK_V\OBJJ\RELEASE_MSVC_2008_DX9QUAKE\SBAR.SBR
C:\MARK_V_1099_REVISION_4_SOURCE\MARK_V\OBJJ\RELEASE_MSVC_2008_DX9QUAKE\SCREEN.OBJ
C:\MARK_V_1099_REVISION_4_SOURCE\MARK_V\OBJJ\RELEASE_MSVC_2008_DX9QUAKE\SCREEN.SBR
C:\MARK_V_1099_REVISION_4_SOURCE\MARK_V\OBJJ\RELEASE_MSVC_2008_DX9QUAKE\SHELL_ANDROID.OBJ
C:\MARK_V_1099_REVISION_4_SOURCE\MARK_V\OBJJ\RELEASE_MSVC_2008_DX9QUAKE\SHELL_ANDROID.SBR
C:\MARK_V_1099_REVISION_4_SOURCE\MARK_V\OBJJ\RELEASE_MSVC_2008_DX9QUAKE\SHELL_LINUX.OBJ
C:\MARK_V_1099_REVISION_4_SOURCE\MARK_V\OBJJ\RELEASE_MSVC_2008_DX9QUAKE\SHELL_LINUX.SBR
C:\MARK_V_1099_REVISION_4_SOURCE\MARK_V\OBJJ\RELEASE_MSVC_2008_DX9QUAKE\SHELL_WIN.OBJ
C:\MARK_V_1099_REVISION_4_SOURCE\MARK_V\OBJJ\RELEASE_MSVC_2008_DX9QUAKE\SHELL_WIN.SBR
C:\MARK_V_1099_REVISION_4_SOURCE\MARK_V\OBJJ\RELEASE_MSVC_2008_DX9QUAKE\SND_DMA.OBJ
C:\MARK_V_1099_REVISION_4_SOURCE\MARK_V\OBJJ\RELEASE_MSVC_2008_DX9QUAKE\SND_DMA.SBR
C:\MARK_V_1099_REVISION_4_SOURCE\MARK_V\OBJJ\RELEASE_MSVC_2008_DX9QUAKE\SND_MEM.OBJ
C:\MARK_V_1099_REVISION_4_SOURCE\MARK_V\OBJJ\RELEASE_MSVC_2008_DX9QUAKE\SND_MEM.SBR
C:\MARK_V_1099_REVISION_4_SOURCE\MARK_V\OBJJ\RELEASE_MSVC_2008_DX9QUAKE\SND_MIX.OBJ
C:\MARK_V_1099_REVISION_4_SOURCE\MARK_V\OBJJ\RELEASE_MSVC_2008_DX9QUAKE\SND_MIX.SBR
C:\MARK_V_1099_REVISION_4_SOURCE\MARK_V\OBJJ\RELEASE_MSVC_2008_DX9QUAKE\SND_SDL.OBJ
C:\MARK_V_1099_REVISION_4_SOURCE\MARK_V\OBJJ\RELEASE_MSVC_2008_DX9QUAKE\SND_SDL.SBR
C:\MARK_V_1099_REVISION_4_SOURCE\MARK_V\OBJJ\RELEASE_MSVC_2008_DX9QUAKE\SND_WIN.OBJ
C:\MARK_V_1099_REVISION_4_SOURCE\MARK_V\OBJJ\RELEASE_MSVC_2008_DX9QUAKE\SND_WIN.SBR
C:\MARK_V_1099_REVISION_4_SOURCE\MARK_V\OBJJ\RELEASE_MSVC_2008_DX9QUAKE\STICK.OBJ
C:\MARK_V_1099_REVISION_4_SOURCE\MARK_V\OBJJ\RELEASE_MSVC_2008_DX9QUAKE\STICK.SBR
C:\MARK_V_1099_REVISION_4_SOURCE\MARK_V\OBJJ\RELEASE_MSVC_2008_DX9QUAKE\STRINGLIB.OBJ
C:\MARK_V_1099_REVISION_4_SOURCE\MARK_V\OBJJ\RELEASE_MSVC_2008_DX9QUAKE\STRINGLIB.SBR
C:\MARK_V_1099_REVISION_4_SOURCE\MARK_V\OBJJ\RELEASE_MSVC_2008_DX9QUAKE\SV_MAIN.OBJ
C:\MARK_V_1099_REVISION_4_SOURCE\MARK_V\OBJJ\RELEASE_MSVC_2008_DX9QUAKE\SV_MAIN.SBR
C:\MARK_V_1099_REVISION_4_SOURCE\MARK_V\OBJJ\RELEASE_MSVC_2008_DX9QUAKE\SV_MOVE.OBJ
C:\MARK_V_1099_REVISION_4_SOURCE\MARK_V\OBJJ\RELEASE_MSVC_2008_DX9QUAKE\SV_MOVE.SBR
C:\MARK_V_1099_REVISION_4_SOURCE\MARK_V\OBJJ\RELEASE_MSVC_2008_DX9QUAKE\SV_PHYS.OBJ
C:\MARK_V_1099_REVISION_4_SOURCE\MARK_V\OBJJ\RELEASE_MSVC_2008_DX9QUAKE\SV_PHYS.SBR
C:\MARK_V_1099_REVISION_4_SOURCE\MARK_V\OBJJ\RELEASE_MSVC_2008_DX9QUAKE\SV_USER.OBJ
C:\MARK_V_1099_REVISION_4_SOURCE\MARK_V\OBJJ\RELEASE_MSVC_2008_DX9QUAKE\SV_USER.SBR
C:\MARK_V_1099_REVISION_4_SOURCE\MARK_V\OBJJ\RELEASE_MSVC_2008_DX9QUAKE\SYS_SDL.OBJ
C:\MARK_V_1099_REVISION_4_SOURCE\MARK_V\OBJJ\RELEASE_MSVC_2008_DX9QUAKE\SYS_SDL.SBR
C:\MARK_V_1099_REVISION_4_SOURCE\MARK_V\OBJJ\RELEASE_MSVC_2008_DX9QUAKE\SYS_WIN.OBJ
C:\MARK_V_1099_REVISION_4_SOURCE\MARK_V\OBJJ\RELEASE_MSVC_2008_DX9QUAKE\SYS_WIN.SBR
C:\MARK_V_1099_REVISION_4_SOURCE\MARK_V\OBJJ\RELEASE_MSVC_2008_DX9QUAKE\SYSTEM.OBJ
C:\MARK_V_1099_REVISION_4_SOURCE\MARK_V\OBJJ\RELEASE_MSVC_2008_DX9QUAKE\SYSTEM.SBR
C:\MARK_V_1099_REVISION_4_SOURCE\MARK_V\OBJJ\RELEASE_MSVC_2008_DX9QUAKE\TALK_MACRO.OBJ
C:\MARK_V_1099_REVISION_4_SOURCE\MARK_V\OBJJ\RELEASE_MSVC_2008_DX9QUAKE\TALK_MACRO.SBR
C:\MARK_V_1099_REVISION_4_SOURCE\MARK_V\OBJJ\RELEASE_MSVC_2008_DX9QUAKE\TEXT_AUTOCOMPLETE.OBJ
C:\MARK_V_1099_REVISION_4_SOURCE\MARK_V\OBJJ\RELEASE_MSVC_2008_DX9QUAKE\TEXT_AUTOCOMPLETE.SBR
C:\MARK_V_1099_REVISION_4_SOURCE\MARK_V\OBJJ\RELEASE_MSVC_2008_DX9QUAKE\TEXT_EDIT.OBJ
C:\MARK_V_1099_REVISION_4_SOURCE\MARK_V\OBJJ\RELEASE_MSVC_2008_DX9QUAKE\TEXT_EDIT.SBR
C:\MARK_V_1099_REVISION_4_SOURCE\MARK_V\OBJJ\RELEASE_MSVC_2008_DX9QUAKE\TEXT_HISTORY.OBJ
C:\MARK_V_1099_REVISION_4_SOURCE\MARK_V\OBJJ\RELEASE_MSVC_2008_DX9QUAKE\TEXT_HISTORY.SBR
C:\MARK_V_1099_REVISION_4_SOURCE\MARK_V\OBJJ\RELEASE_MSVC_2008_DX9QUAKE\TEXT_KEY.OBJ
C:\MARK_V_1099_REVISION_4_SOURCE\MARK_V\OBJJ\RELEASE_MSVC_2008_DX9QUAKE\TEXT_KEY.SBR
C:\MARK_V_1099_REVISION_4_SOURCE\MARK_V\OBJJ\RELEASE_MSVC_2008_DX9QUAKE\TEXT_UNDO.OBJ
C:\MARK_V_1099_REVISION_4_SOURCE\MARK_V\OBJJ\RELEASE_MSVC_2008_DX9QUAKE\TEXT_UNDO.SBR
C:\MARK_V_1099_REVISION_4_SOURCE\MARK_V\OBJJ\RELEASE_MSVC_2008_DX9QUAKE\TIMELIB.OBJ
C:\MARK_V_1099_REVISION_4_SOURCE\MARK_V\OBJJ\RELEASE_MSVC_2008_DX9QUAKE\TIMELIB.SBR
C:\MARK_V_1099_REVISION_4_SOURCE\MARK_V\OBJJ\RELEASE_MSVC_2008_DX9QUAKE\TOOL_INSPECTOR.OBJ
C:\MARK_V_1099_REVISION_4_SOURCE\MARK_V\OBJJ\RELEASE_MSVC_2008_DX9QUAKE\TOOL_INSPECTOR.SBR
C:\MARK_V_1099_REVISION_4_SOURCE\MARK_V\OBJJ\RELEASE_MSVC_2008_DX9QUAKE\TOOL_TEXTUREPOINTER.OBJ
C:\MARK_V_1099_REVISION_4_SOURCE\MARK_V\OBJJ\RELEASE_MSVC_2008_DX9QUAKE\TOOL_TEXTUREPOINTER.SBR
C:\MARK_V_1099_REVISION_4_SOURCE\MARK_V\OBJJ\RELEASE_MSVC_2008_DX9QUAKE\UTILITIES.OBJ
C:\MARK_V_1099_REVISION_4_SOURCE\MARK_V\OBJJ\RELEASE_MSVC_2008_DX9QUAKE\UTILITIES.SBR
C:\MARK_V_1099_REVISION_4_SOURCE\MARK_V\OBJJ\RELEASE_MSVC_2008_DX9QUAKE\UTILITIES_INSTALL.OBJ
C:\MARK_V_1099_REVISION_4_SOURCE\MARK_V\OBJJ\RELEASE_MSVC_2008_DX9QUAKE\UTILITIES_INSTALL.SBR
C:\MARK_V_1099_REVISION_4_SOURCE\MARK_V\OBJJ\RELEASE_MSVC_2008_DX9QUAKE\VC100.PDB
C:\MARK_V_1099_REVISION_4_SOURCE\MARK_V\OBJJ\RELEASE_MSVC_2008_DX9QUAKE\VID.OBJ
C:\MARK_V_1099_REVISION_4_SOURCE\MARK_V\OBJJ\RELEASE_MSVC_2008_DX9QUAKE\VID.SBR
C:\MARK_V_1099_REVISION_4_SOURCE\MARK_V\OBJJ\RELEASE_MSVC_2008_DX9QUAKE\VID_SDLGL.OBJ
C:\MARK_V_1099_REVISION_4_SOURCE\MARK_V\OBJJ\RELEASE_MSVC_2008_DX9QUAKE\VID_SDLGL.SBR
C:\MARK_V_1099_REVISION_4_SOURCE\MARK_V\OBJJ\RELEASE_MSVC_2008_DX9QUAKE\VID_SDLWIN.OBJ
C:\MARK_V_1099_REVISION_4_SOURCE\MARK_V\OBJJ\RELEASE_MSVC_2008_DX9QUAKE\VID_SDLWIN.SBR
C:\MARK_V_1099_REVISION_4_SOURCE\MARK_V\OBJJ\RELEASE_MSVC_2008_DX9QUAKE\VID_WGL.OBJ
C:\MARK_V_1099_REVISION_4_SOURCE\MARK_V\OBJJ\RELEASE_MSVC_2008_DX9QUAKE\VID_WGL.SBR
C:\MARK_V_1099_REVISION_4_SOURCE\MARK_V\OBJJ\RELEASE_MSVC_2008_DX9QUAKE\VID_WSOFTGL.OBJ
C:\MARK_V_1099_REVISION_4_SOURCE\MARK_V\OBJJ\RELEASE_MSVC_2008_DX9QUAKE\VID_WSOFTGL.SBR
C:\MARK_V_1099_REVISION_4_SOURCE\MARK_V\OBJJ\RELEASE_MSVC_2008_DX9QUAKE\VIDCO.OBJ
C:\MARK_V_1099_REVISION_4_SOURCE\MARK_V\OBJJ\RELEASE_MSVC_2008_DX9QUAKE\VIDCO.SBR
C:\MARK_V_1099_REVISION_4_SOURCE\MARK_V\OBJJ\RELEASE_MSVC_2008_DX9QUAKE\VIDCO_CONSOLE.OBJ
C:\MARK_V_1099_REVISION_4_SOURCE\MARK_V\OBJJ\RELEASE_MSVC_2008_DX9QUAKE\VIDCO_CONSOLE.SBR
C:\MARK_V_1099_REVISION_4_SOURCE\MARK_V\OBJJ\RELEASE_MSVC_2008_DX9QUAKE\VIDCO_SDL.OBJ
C:\MARK_V_1099_REVISION_4_SOURCE\MARK_V\OBJJ\RELEASE_MSVC_2008_DX9QUAKE\VIDCO_SDL.SBR
C:\MARK_V_1099_REVISION_4_SOURCE\MARK_V\OBJJ\RELEASE_MSVC_2008_DX9QUAKE\VIDCO_WIN.OBJ
C:\MARK_V_1099_REVISION_4_SOURCE\MARK_V\OBJJ\RELEASE_MSVC_2008_DX9QUAKE\VIDCO_WIN.SBR
C:\MARK_V_1099_REVISION_4_SOURCE\MARK_V\OBJJ\RELEASE_MSVC_2008_DX9QUAKE\VIEW.OBJ
C:\MARK_V_1099_REVISION_4_SOURCE\MARK_V\OBJJ\RELEASE_MSVC_2008_DX9QUAKE\VIEW.SBR
C:\MARK_V_1099_REVISION_4_SOURCE\MARK_V\OBJJ\RELEASE_MSVC_2008_DX9QUAKE\WAD.OBJ
C:\MARK_V_1099_REVISION_4_SOURCE\MARK_V\OBJJ\RELEASE_MSVC_2008_DX9QUAKE\WAD.SBR
C:\MARK_V_1099_REVISION_4_SOURCE\MARK_V\OBJJ\RELEASE_MSVC_2008_DX9QUAKE\WORLD.OBJ
C:\MARK_V_1099_REVISION_4_SOURCE\MARK_V\OBJJ\RELEASE_MSVC_2008_DX9QUAKE\WORLD.SBR
C:\MARK_V_1099_REVISION_4_SOURCE\MARK_V\OBJJ\RELEASE_MSVC_2008_DX9QUAKE\ZIP.OBJ
C:\MARK_V_1099_REVISION_4_SOURCE\MARK_V\OBJJ\RELEASE_MSVC_2008_DX9QUAKE\ZIP.SBR
C:\MARK_V_1099_REVISION_4_SOURCE\MARK_V\OBJJ\RELEASE_MSVC_2008_DX9QUAKE\ZLIB_ADLER32.OBJ
C:\MARK_V_1099_REVISION_4_SOURCE\MARK_V\OBJJ\RELEASE_MSVC_2008_DX9QUAKE\ZLIB_ADLER32.SBR
C:\MARK_V_1099_REVISION_4_SOURCE\MARK_V\OBJJ\RELEASE_MSVC_2008_DX9QUAKE\ZLIB_COMPRESS.OBJ
C:\MARK_V_1099_REVISION_4_SOURCE\MARK_V\OBJJ\RELEASE_MSVC_2008_DX9QUAKE\ZLIB_COMPRESS.SBR
C:\MARK_V_1099_REVISION_4_SOURCE\MARK_V\OBJJ\RELEASE_MSVC_2008_DX9QUAKE\ZLIB_CRC32.OBJ
C:\MARK_V_1099_REVISION_4_SOURCE\MARK_V\OBJJ\RELEASE_MSVC_2008_DX9QUAKE\ZLIB_CRC32.SBR
C:\MARK_V_1099_REVISION_4_SOURCE\MARK_V\OBJJ\RELEASE_MSVC_2008_DX9QUAKE\ZLIB_DEFLATE.OBJ
C:\MARK_V_1099_REVISION_4_SOURCE\MARK_V\OBJJ\RELEASE_MSVC_2008_DX9QUAKE\ZLIB_DEFLATE.SBR
C:\MARK_V_1099_REVISION_4_SOURCE\MARK_V\OBJJ\RELEASE_MSVC_2008_DX9QUAKE\ZLIB_GZCLOSE.OBJ
C:\MARK_V_1099_REVISION_4_SOURCE\MARK_V\OBJJ\RELEASE_MSVC_2008_DX9QUAKE\ZLIB_GZCLOSE.SBR
C:\MARK_V_1099_REVISION_4_SOURCE\MARK_V\OBJJ\RELEASE_MSVC_2008_DX9QUAKE\ZLIB_GZLIB.OBJ
C:\MARK_V_1099_REVISION_4_SOURCE\MARK_V\OBJJ\RELEASE_MSVC_2008_DX9QUAKE\ZLIB_GZLIB.SBR
C:\MARK_V_1099_REVISION_4_SOURCE\MARK_V\OBJJ\RELEASE_MSVC_2008_DX9QUAKE\ZLIB_GZREAD.OBJ
C:\MARK_V_1099_REVISION_4_SOURCE\MARK_V\OBJJ\RELEASE_MSVC_2008_DX9QUAKE\ZLIB_GZREAD.SBR
C:\MARK_V_1099_REVISION_4_SOURCE\MARK_V\OBJJ\RELEASE_MSVC_2008_DX9QUAKE\ZLIB_GZWRITE.OBJ
C:\MARK_V_1099_REVISION_4_SOURCE\MARK_V\OBJJ\RELEASE_MSVC_2008_DX9QUAKE\ZLIB_GZWRITE.SBR
C:\MARK_V_1099_REVISION_4_SOURCE\MARK_V\OBJJ\RELEASE_MSVC_2008_DX9QUAKE\ZLIB_INFBACK.OBJ
C:\MARK_V_1099_REVISION_4_SOURCE\MARK_V\OBJJ\RELEASE_MSVC_2008_DX9QUAKE\ZLIB_INFBACK.SBR
C:\MARK_V_1099_REVISION_4_SOURCE\MARK_V\OBJJ\RELEASE_MSVC_2008_DX9QUAKE\ZLIB_INFFAST.OBJ
C:\MARK_V_1099_REVISION_4_SOURCE\MARK_V\OBJJ\RELEASE_MSVC_2008_DX9QUAKE\ZLIB_INFFAST.SBR
C:\MARK_V_1099_REVISION_4_SOURCE\MARK_V\OBJJ\RELEASE_MSVC_2008_DX9QUAKE\ZLIB_INFLATE.OBJ
C:\MARK_V_1099_REVISION_4_SOURCE\MARK_V\OBJJ\RELEASE_MSVC_2008_DX9QUAKE\ZLIB_INFLATE.SBR
C:\MARK_V_1099_REVISION_4_SOURCE\MARK_V\OBJJ\RELEASE_MSVC_2008_DX9QUAKE\ZLIB_INFTREES.OBJ
C:\MARK_V_1099_REVISION_4_SOURCE\MARK_V\OBJJ\RELEASE_MSVC_2008_DX9QUAKE\ZLIB_INFTREES.SBR
C:\MARK_V_1099_REVISION_4_SOURCE\MARK_V\OBJJ\RELEASE_MSVC_2008_DX9QUAKE\ZLIB_TREES.OBJ
C:\MARK_V_1099_REVISION_4_SOURCE\MARK_V\OBJJ\RELEASE_MSVC_2008_DX9QUAKE\ZLIB_TREES.SBR
C:\MARK_V_1099_REVISION_4_SOURCE\MARK_V\OBJJ\RELEASE_MSVC_2008_DX9QUAKE\ZLIB_UNCOMPR.OBJ
C:\MARK_V_1099_REVISION_4_SOURCE\MARK_V\OBJJ\RELEASE_MSVC_2008_DX9QUAKE\ZLIB_UNCOMPR.SBR
C:\MARK_V_1099_REVISION_4_SOURCE\MARK_V\OBJJ\RELEASE_MSVC_2008_DX9QUAKE\ZLIB_ZUTIL.OBJ
C:\MARK_V_1099_REVISION_4_SOURCE\MARK_V\OBJJ\RELEASE_MSVC_2008_DX9QUAKE\ZLIB_ZUTIL.SBR
C:\MARK_V_1099_REVISION_4_SOURCE\MARK_V\OBJJ\RELEASE_MSVC_2008_DX9QUAKE\ZLIBJPEG_CJPEG.OBJ
C:\MARK_V_1099_REVISION_4_SOURCE\MARK_V\OBJJ\RELEASE_MSVC_2008_DX9QUAKE\ZLIBJPEG_CJPEG.SBR
C:\MARK_V_1099_REVISION_4_SOURCE\MARK_V\OBJJ\RELEASE_MSVC_2008_DX9QUAKE\ZLIBJPEG_JCAPIMIN.OBJ
C:\MARK_V_1099_REVISION_4_SOURCE\MARK_V\OBJJ\RELEASE_MSVC_2008_DX9QUAKE\ZLIBJPEG_JCAPIMIN.SBR
C:\MARK_V_1099_REVISION_4_SOURCE\MARK_V\OBJJ\RELEASE_MSVC_2008_DX9QUAKE\ZLIBJPEG_JCAPISTD.OBJ
C:\MARK_V_1099_REVISION_4_SOURCE\MARK_V\OBJJ\RELEASE_MSVC_2008_DX9QUAKE\ZLIBJPEG_JCAPISTD.SBR
C:\MARK_V_1099_REVISION_4_SOURCE\MARK_V\OBJJ\RELEASE_MSVC_2008_DX9QUAKE\ZLIBJPEG_JCCOEFCT.OBJ
C:\MARK_V_1099_REVISION_4_SOURCE\MARK_V\OBJJ\RELEASE_MSVC_2008_DX9QUAKE\ZLIBJPEG_JCCOEFCT.SBR
C:\MARK_V_1099_REVISION_4_SOURCE\MARK_V\OBJJ\RELEASE_MSVC_2008_DX9QUAKE\ZLIBJPEG_JCCOLOR.OBJ
C:\MARK_V_1099_REVISION_4_SOURCE\MARK_V\OBJJ\RELEASE_MSVC_2008_DX9QUAKE\ZLIBJPEG_JCCOLOR.SBR
C:\MARK_V_1099_REVISION_4_SOURCE\MARK_V\OBJJ\RELEASE_MSVC_2008_DX9QUAKE\ZLIBJPEG_JCDCTMGR.OBJ
C:\MARK_V_1099_REVISION_4_SOURCE\MARK_V\OBJJ\RELEASE_MSVC_2008_DX9QUAKE\ZLIBJPEG_JCDCTMGR.SBR
C:\MARK_V_1099_REVISION_4_SOURCE\MARK_V\OBJJ\RELEASE_MSVC_2008_DX9QUAKE\ZLIBJPEG_JCHUFF.OBJ
C:\MARK_V_1099_REVISION_4_SOURCE\MARK_V\OBJJ\RELEASE_MSVC_2008_DX9QUAKE\ZLIBJPEG_JCHUFF.SBR
C:\MARK_V_1099_REVISION_4_SOURCE\MARK_V\OBJJ\RELEASE_MSVC_2008_DX9QUAKE\ZLIBJPEG_JCINIT.OBJ
C:\MARK_V_1099_REVISION_4_SOURCE\MARK_V\OBJJ\RELEASE_MSVC_2008_DX9QUAKE\ZLIBJPEG_JCINIT.SBR
C:\MARK_V_1099_REVISION_4_SOURCE\MARK_V\OBJJ\RELEASE_MSVC_2008_DX9QUAKE\ZLIBJPEG_JCMAINCT.OBJ
C:\MARK_V_1099_REVISION_4_SOURCE\MARK_V\OBJJ\RELEASE_MSVC_2008_DX9QUAKE\ZLIBJPEG_JCMAINCT.SBR
C:\MARK_V_1099_REVISION_4_SOURCE\MARK_V\OBJJ\RELEASE_MSVC_2008_DX9QUAKE\ZLIBJPEG_JCMARKER.OBJ
C:\MARK_V_1099_REVISION_4_SOURCE\MARK_V\OBJJ\RELEASE_MSVC_2008_DX9QUAKE\ZLIBJPEG_JCMARKER.SBR
C:\MARK_V_1099_REVISION_4_SOURCE\MARK_V\OBJJ\RELEASE_MSVC_2008_DX9QUAKE\ZLIBJPEG_JCMASTER.OBJ
C:\MARK_V_1099_REVISION_4_SOURCE\MARK_V\OBJJ\RELEASE_MSVC_2008_DX9QUAKE\ZLIBJPEG_JCMASTER.SBR
C:\MARK_V_1099_REVISION_4_SOURCE\MARK_V\OBJJ\RELEASE_MSVC_2008_DX9QUAKE\ZLIBJPEG_JCOMAPI.OBJ
C:\MARK_V_1099_REVISION_4_SOURCE\MARK_V\OBJJ\RELEASE_MSVC_2008_DX9QUAKE\ZLIBJPEG_JCOMAPI.SBR
C:\MARK_V_1099_REVISION_4_SOURCE\MARK_V\OBJJ\RELEASE_MSVC_2008_DX9QUAKE\ZLIBJPEG_JCPARAM.OBJ
C:\MARK_V_1099_REVISION_4_SOURCE\MARK_V\OBJJ\RELEASE_MSVC_2008_DX9QUAKE\ZLIBJPEG_JCPARAM.SBR
C:\MARK_V_1099_REVISION_4_SOURCE\MARK_V\OBJJ\RELEASE_MSVC_2008_DX9QUAKE\ZLIBJPEG_JCPHUFF.OBJ
C:\MARK_V_1099_REVISION_4_SOURCE\MARK_V\OBJJ\RELEASE_MSVC_2008_DX9QUAKE\ZLIBJPEG_JCPHUFF.SBR
C:\MARK_V_1099_REVISION_4_SOURCE\MARK_V\OBJJ\RELEASE_MSVC_2008_DX9QUAKE\ZLIBJPEG_JCPREPCT.OBJ
C:\MARK_V_1099_REVISION_4_SOURCE\MARK_V\OBJJ\RELEASE_MSVC_2008_DX9QUAKE\ZLIBJPEG_JCPREPCT.SBR
C:\MARK_V_1099_REVISION_4_SOURCE\MARK_V\OBJJ\RELEASE_MSVC_2008_DX9QUAKE\ZLIBJPEG_JCSAMPLE.OBJ
C:\MARK_V_1099_REVISION_4_SOURCE\MARK_V\OBJJ\RELEASE_MSVC_2008_DX9QUAKE\ZLIBJPEG_JCSAMPLE.SBR
C:\MARK_V_1099_REVISION_4_SOURCE\MARK_V\OBJJ\RELEASE_MSVC_2008_DX9QUAKE\ZLIBJPEG_JCTRANS.OBJ
C:\MARK_V_1099_REVISION_4_SOURCE\MARK_V\OBJJ\RELEASE_MSVC_2008_DX9QUAKE\ZLIBJPEG_JCTRANS.SBR
C:\MARK_V_1099_REVISION_4_SOURCE\MARK_V\OBJJ\RELEASE_MSVC_2008_DX9QUAKE\ZLIBJPEG_JDAPIMIN.OBJ
C:\MARK_V_1099_REVISION_4_SOURCE\MARK_V\OBJJ\RELEASE_MSVC_2008_DX9QUAKE\ZLIBJPEG_JDAPIMIN.SBR
C:\MARK_V_1099_REVISION_4_SOURCE\MARK_V\OBJJ\RELEASE_MSVC_2008_DX9QUAKE\ZLIBJPEG_JDAPISTD.OBJ
C:\MARK_V_1099_REVISION_4_SOURCE\MARK_V\OBJJ\RELEASE_MSVC_2008_DX9QUAKE\ZLIBJPEG_JDAPISTD.SBR
C:\MARK_V_1099_REVISION_4_SOURCE\MARK_V\OBJJ\RELEASE_MSVC_2008_DX9QUAKE\ZLIBJPEG_JDATADST.OBJ
C:\MARK_V_1099_REVISION_4_SOURCE\MARK_V\OBJJ\RELEASE_MSVC_2008_DX9QUAKE\ZLIBJPEG_JDATADST.SBR
C:\MARK_V_1099_REVISION_4_SOURCE\MARK_V\OBJJ\RELEASE_MSVC_2008_DX9QUAKE\ZLIBJPEG_JDATASRC.OBJ
C:\MARK_V_1099_REVISION_4_SOURCE\MARK_V\OBJJ\RELEASE_MSVC_2008_DX9QUAKE\ZLIBJPEG_JDATASRC.SBR
C:\MARK_V_1099_REVISION_4_SOURCE\MARK_V\OBJJ\RELEASE_MSVC_2008_DX9QUAKE\ZLIBJPEG_JDCOEFCT.OBJ
C:\MARK_V_1099_REVISION_4_SOURCE\MARK_V\OBJJ\RELEASE_MSVC_2008_DX9QUAKE\ZLIBJPEG_JDCOEFCT.SBR
C:\MARK_V_1099_REVISION_4_SOURCE\MARK_V\OBJJ\RELEASE_MSVC_2008_DX9QUAKE\ZLIBJPEG_JDCOLOR.OBJ
C:\MARK_V_1099_REVISION_4_SOURCE\MARK_V\OBJJ\RELEASE_MSVC_2008_DX9QUAKE\ZLIBJPEG_JDCOLOR.SBR
C:\MARK_V_1099_REVISION_4_SOURCE\MARK_V\OBJJ\RELEASE_MSVC_2008_DX9QUAKE\ZLIBJPEG_JDDCTMGR.OBJ
C:\MARK_V_1099_REVISION_4_SOURCE\MARK_V\OBJJ\RELEASE_MSVC_2008_DX9QUAKE\ZLIBJPEG_JDDCTMGR.SBR
C:\MARK_V_1099_REVISION_4_SOURCE\MARK_V\OBJJ\RELEASE_MSVC_2008_DX9QUAKE\ZLIBJPEG_JDHUFF.OBJ
C:\MARK_V_1099_REVISION_4_SOURCE\MARK_V\OBJJ\RELEASE_MSVC_2008_DX9QUAKE\ZLIBJPEG_JDHUFF.SBR
C:\MARK_V_1099_REVISION_4_SOURCE\MARK_V\OBJJ\RELEASE_MSVC_2008_DX9QUAKE\ZLIBJPEG_JDINPUT.OBJ
C:\MARK_V_1099_REVISION_4_SOURCE\MARK_V\OBJJ\RELEASE_MSVC_2008_DX9QUAKE\ZLIBJPEG_JDINPUT.SBR
C:\MARK_V_1099_REVISION_4_SOURCE\MARK_V\OBJJ\RELEASE_MSVC_2008_DX9QUAKE\ZLIBJPEG_JDMAINCT.OBJ
C:\MARK_V_1099_REVISION_4_SOURCE\MARK_V\OBJJ\RELEASE_MSVC_2008_DX9QUAKE\ZLIBJPEG_JDMAINCT.SBR
C:\MARK_V_1099_REVISION_4_SOURCE\MARK_V\OBJJ\RELEASE_MSVC_2008_DX9QUAKE\ZLIBJPEG_JDMARKER.OBJ
C:\MARK_V_1099_REVISION_4_SOURCE\MARK_V\OBJJ\RELEASE_MSVC_2008_DX9QUAKE\ZLIBJPEG_JDMARKER.SBR
C:\MARK_V_1099_REVISION_4_SOURCE\MARK_V\OBJJ\RELEASE_MSVC_2008_DX9QUAKE\ZLIBJPEG_JDMASTER.OBJ
C:\MARK_V_1099_REVISION_4_SOURCE\MARK_V\OBJJ\RELEASE_MSVC_2008_DX9QUAKE\ZLIBJPEG_JDMASTER.SBR
C:\MARK_V_1099_REVISION_4_SOURCE\MARK_V\OBJJ\RELEASE_MSVC_2008_DX9QUAKE\ZLIBJPEG_JDMERGE.OBJ
C:\MARK_V_1099_REVISION_4_SOURCE\MARK_V\OBJJ\RELEASE_MSVC_2008_DX9QUAKE\ZLIBJPEG_JDMERGE.SBR
C:\MARK_V_1099_REVISION_4_SOURCE\MARK_V\OBJJ\RELEASE_MSVC_2008_DX9QUAKE\ZLIBJPEG_JDPHUFF.OBJ
C:\MARK_V_1099_REVISION_4_SOURCE\MARK_V\OBJJ\RELEASE_MSVC_2008_DX9QUAKE\ZLIBJPEG_JDPHUFF.SBR
C:\MARK_V_1099_REVISION_4_SOURCE\MARK_V\OBJJ\RELEASE_MSVC_2008_DX9QUAKE\ZLIBJPEG_JDPOSTCT.OBJ
C:\MARK_V_1099_REVISION_4_SOURCE\MARK_V\OBJJ\RELEASE_MSVC_2008_DX9QUAKE\ZLIBJPEG_JDPOSTCT.SBR
C:\MARK_V_1099_REVISION_4_SOURCE\MARK_V\OBJJ\RELEASE_MSVC_2008_DX9QUAKE\ZLIBJPEG_JDSAMPLE.OBJ
C:\MARK_V_1099_REVISION_4_SOURCE\MARK_V\OBJJ\RELEASE_MSVC_2008_DX9QUAKE\ZLIBJPEG_JDSAMPLE.SBR
C:\MARK_V_1099_REVISION_4_SOURCE\MARK_V\OBJJ\RELEASE_MSVC_2008_DX9QUAKE\ZLIBJPEG_JDTRANS.OBJ
C:\MARK_V_1099_REVISION_4_SOURCE\MARK_V\OBJJ\RELEASE_MSVC_2008_DX9QUAKE\ZLIBJPEG_JDTRANS.SBR
C:\MARK_V_1099_REVISION_4_SOURCE\MARK_V\OBJJ\RELEASE_MSVC_2008_DX9QUAKE\ZLIBJPEG_JERROR.OBJ
C:\MARK_V_1099_REVISION_4_SOURCE\MARK_V\OBJJ\RELEASE_MSVC_2008_DX9QUAKE\ZLIBJPEG_JERROR.SBR
C:\MARK_V_1099_REVISION_4_SOURCE\MARK_V\OBJJ\RELEASE_MSVC_2008_DX9QUAKE\ZLIBJPEG_JFDCTFLT.OBJ
C:\MARK_V_1099_REVISION_4_SOURCE\MARK_V\OBJJ\RELEASE_MSVC_2008_DX9QUAKE\ZLIBJPEG_JFDCTFLT.SBR
C:\MARK_V_1099_REVISION_4_SOURCE\MARK_V\OBJJ\RELEASE_MSVC_2008_DX9QUAKE\ZLIBJPEG_JFDCTFST.OBJ
C:\MARK_V_1099_REVISION_4_SOURCE\MARK_V\OBJJ\RELEASE_MSVC_2008_DX9QUAKE\ZLIBJPEG_JFDCTFST.SBR
C:\MARK_V_1099_REVISION_4_SOURCE\MARK_V\OBJJ\RELEASE_MSVC_2008_DX9QUAKE\ZLIBJPEG_JFDCTINT.OBJ
C:\MARK_V_1099_REVISION_4_SOURCE\MARK_V\OBJJ\RELEASE_MSVC_2008_DX9QUAKE\ZLIBJPEG_JFDCTINT.SBR
C:\MARK_V_1099_REVISION_4_SOURCE\MARK_V\OBJJ\RELEASE_MSVC_2008_DX9QUAKE\ZLIBJPEG_JIDCTFLT.OBJ
C:\MARK_V_1099_REVISION_4_SOURCE\MARK_V\OBJJ\RELEASE_MSVC_2008_DX9QUAKE\ZLIBJPEG_JIDCTFLT.SBR
C:\MARK_V_1099_REVISION_4_SOURCE\MARK_V\OBJJ\RELEASE_MSVC_2008_DX9QUAKE\ZLIBJPEG_JIDCTFST.OBJ
C:\MARK_V_1099_REVISION_4_SOURCE\MARK_V\OBJJ\RELEASE_MSVC_2008_DX9QUAKE\ZLIBJPEG_JIDCTFST.SBR
C:\MARK_V_1099_REVISION_4_SOURCE\MARK_V\OBJJ\RELEASE_MSVC_2008_DX9QUAKE\ZLIBJPEG_JIDCTINT.OBJ
C:\MARK_V_1099_REVISION_4_SOURCE\MARK_V\OBJJ\RELEASE_MSVC_2008_DX9QUAKE\ZLIBJPEG_JIDCTINT.SBR
C:\MARK_V_1099_REVISION_4_SOURCE\MARK_V\OBJJ\RELEASE_MSVC_2008_DX9QUAKE\ZLIBJPEG_JIDCTRED.OBJ
C:\MARK_V_1099_REVISION_4_SOURCE\MARK_V\OBJJ\RELEASE_MSVC_2008_DX9QUAKE\ZLIBJPEG_JIDCTRED.SBR
C:\MARK_V_1099_REVISION_4_SOURCE\MARK_V\OBJJ\RELEASE_MSVC_2008_DX9QUAKE\ZLIBJPEG_JMEMANSI.OBJ
C:\MARK_V_1099_REVISION_4_SOURCE\MARK_V\OBJJ\RELEASE_MSVC_2008_DX9QUAKE\ZLIBJPEG_JMEMANSI.SBR
C:\MARK_V_1099_REVISION_4_SOURCE\MARK_V\OBJJ\RELEASE_MSVC_2008_DX9QUAKE\ZLIBJPEG_JMEMMGR.OBJ
C:\MARK_V_1099_REVISION_4_SOURCE\MARK_V\OBJJ\RELEASE_MSVC_2008_DX9QUAKE\ZLIBJPEG_JMEMMGR.SBR
C:\MARK_V_1099_REVISION_4_SOURCE\MARK_V\OBJJ\RELEASE_MSVC_2008_DX9QUAKE\ZLIBJPEG_JQUANT1.OBJ
C:\MARK_V_1099_REVISION_4_SOURCE\MARK_V\OBJJ\RELEASE_MSVC_2008_DX9QUAKE\ZLIBJPEG_JQUANT1.SBR
C:\MARK_V_1099_REVISION_4_SOURCE\MARK_V\OBJJ\RELEASE_MSVC_2008_DX9QUAKE\ZLIBJPEG_JQUANT2.OBJ
C:\MARK_V_1099_REVISION_4_SOURCE\MARK_V\OBJJ\RELEASE_MSVC_2008_DX9QUAKE\ZLIBJPEG_JQUANT2.SBR
C:\MARK_V_1099_REVISION_4_SOURCE\MARK_V\OBJJ\RELEASE_MSVC_2008_DX9QUAKE\ZLIBJPEG_JUTILS.OBJ
C:\MARK_V_1099_REVISION_4_SOURCE\MARK_V\OBJJ\RELEASE_MSVC_2008_DX9QUAKE\ZLIBJPEG_JUTILS.SBR
C:\MARK_V_1099_REVISION_4_SOURCE\MARK_V\OBJJ\RELEASE_MSVC_2008_DX9QUAKE\ZLIBJPEG_RDBMP.OBJ
C:\MARK_V_1099_REVISION_4_SOURCE\MARK_V\OBJJ\RELEASE_MSVC_2008_DX9QUAKE\ZLIBJPEG_RDBMP.SBR
C:\MARK_V_1099_REVISION_4_SOURCE\MARK_V\OBJJ\RELEASE_MSVC_2008_DX9QUAKE\ZLIBJPEG_RDCOLMAP.OBJ
C:\MARK_V_1099_REVISION_4_SOURCE\MARK_V\OBJJ\RELEASE_MSVC_2008_DX9QUAKE\ZLIBJPEG_RDCOLMAP.SBR
C:\MARK_V_1099_REVISION_4_SOURCE\MARK_V\OBJJ\RELEASE_MSVC_2008_DX9QUAKE\ZLIBJPEG_RDGIF.OBJ
C:\MARK_V_1099_REVISION_4_SOURCE\MARK_V\OBJJ\RELEASE_MSVC_2008_DX9QUAKE\ZLIBJPEG_RDGIF.SBR
C:\MARK_V_1099_REVISION_4_SOURCE\MARK_V\OBJJ\RELEASE_MSVC_2008_DX9QUAKE\ZLIBJPEG_RDPPM.OBJ
C:\MARK_V_1099_REVISION_4_SOURCE\MARK_V\OBJJ\RELEASE_MSVC_2008_DX9QUAKE\ZLIBJPEG_RDPPM.SBR
C:\MARK_V_1099_REVISION_4_SOURCE\MARK_V\OBJJ\RELEASE_MSVC_2008_DX9QUAKE\ZLIBJPEG_RDRLE.OBJ
C:\MARK_V_1099_REVISION_4_SOURCE\MARK_V\OBJJ\RELEASE_MSVC_2008_DX9QUAKE\ZLIBJPEG_RDRLE.SBR
C:\MARK_V_1099_REVISION_4_SOURCE\MARK_V\OBJJ\RELEASE_MSVC_2008_DX9QUAKE\ZLIBJPEG_RDSWITCH.OBJ
C:\MARK_V_1099_REVISION_4_SOURCE\MARK_V\OBJJ\RELEASE_MSVC_2008_DX9QUAKE\ZLIBJPEG_RDSWITCH.SBR
C:\MARK_V_1099_REVISION_4_SOURCE\MARK_V\OBJJ\RELEASE_MSVC_2008_DX9QUAKE\ZLIBJPEG_RDTARGA.OBJ
C:\MARK_V_1099_REVISION_4_SOURCE\MARK_V\OBJJ\RELEASE_MSVC_2008_DX9QUAKE\ZLIBJPEG_RDTARGA.SBR
C:\MARK_V_1099_REVISION_4_SOURCE\MARK_V\OBJJ\RELEASE_MSVC_2008_DX9QUAKE\ZLIBJPEG_TRANSUPP.OBJ
C:\MARK_V_1099_REVISION_4_SOURCE\MARK_V\OBJJ\RELEASE_MSVC_2008_DX9QUAKE\ZLIBJPEG_TRANSUPP.SBR
C:\MARK_V_1099_REVISION_4_SOURCE\MARK_V\OBJJ\RELEASE_MSVC_2008_DX9QUAKE\ZLIBJPEG_WRBMP.OBJ
C:\MARK_V_1099_REVISION_4_SOURCE\MARK_V\OBJJ\RELEASE_MSVC_2008_DX9QUAKE\ZLIBJPEG_WRBMP.SBR
C:\MARK_V_1099_REVISION_4_SOURCE\MARK_V\OBJJ\RELEASE_MSVC_2008_DX9QUAKE\ZLIBJPEG_WRGIF.OBJ
C:\MARK_V_1099_REVISION_4_SOURCE\MARK_V\OBJJ\RELEASE_MSVC_2008_DX9QUAKE\ZLIBJPEG_WRGIF.SBR
C:\MARK_V_1099_REVISION_4_SOURCE\MARK_V\OBJJ\RELEASE_MSVC_2008_DX9QUAKE\ZLIBJPEG_WRPPM.OBJ
C:\MARK_V_1099_REVISION_4_SOURCE\MARK_V\OBJJ\RELEASE_MSVC_2008_DX9QUAKE\ZLIBJPEG_WRPPM.SBR
C:\MARK_V_1099_REVISION_4_SOURCE\MARK_V\OBJJ\RELEASE_MSVC_2008_DX9QUAKE\ZLIBJPEG_WRRLE.OBJ
C:\MARK_V_1099_REVISION_4_SOURCE\MARK_V\OBJJ\RELEASE_MSVC_2008_DX9QUAKE\ZLIBJPEG_WRRLE.SBR
C:\MARK_V_1099_REVISION_4_SOURCE\MARK_V\OBJJ\RELEASE_MSVC_2008_DX9QUAKE\ZLIBJPEG_WRTARGA.OBJ
C:\MARK_V_1099_REVISION_4_SOURCE\MARK_V\OBJJ\RELEASE_MSVC_2008_DX9QUAKE\ZLIBJPEG_WRTARGA.SBR
C:\MARK_V_1099_REVISION_4_SOURCE\MARK_V\OBJJ\RELEASE_MSVC_2008_DX9QUAKE\ZONE.OBJ
C:\MARK_V_1099_REVISION_4_SOURCE\MARK_V\OBJJ\RELEASE_MSVC_2008_DX9QUAKE\ZONE.SBR
